Determining if the pthread_create exist failed with the following output:
Change Dir: /home/isaacjetsonnano/source/detectnet/CMakeFiles/CMakeTmp

Run Build Command:"/usr/bin/make" "cmTC_4a912/fast"
/usr/bin/make -f CMakeFiles/cmTC_4a912.dir/build.make CMakeFiles/cmTC_4a912.dir/build
make[1]: Entering directory '/home/isaacjetsonnano/source/detectnet/CMakeFiles/CMakeTmp'
Building C object CMakeFiles/cmTC_4a912.dir/CheckSymbolExists.c.o
/usr/bin/cc   -fPIC    -o CMakeFiles/cmTC_4a912.dir/CheckSymbolExists.c.o   -c /home/isaacjetsonnano/source/detectnet/CMakeFiles/CMakeTmp/CheckSymbolExists.c
Linking C executable cmTC_4a912
/usr/bin/cmake -E cmake_link_script CMakeFiles/cmTC_4a912.dir/link.txt --verbose=1
/usr/bin/cc -fPIC     -rdynamic CMakeFiles/cmTC_4a912.dir/CheckSymbolExists.c.o  -o cmTC_4a912 
CMakeFiles/cmTC_4a912.dir/CheckSymbolExists.c.o: In function `main':
CheckSymbolExists.c:(.text+0x14): undefined reference to `pthread_create'
CheckSymbolExists.c:(.text+0x18): undefined reference to `pthread_create'
collect2: error: ld returned 1 exit status
CMakeFiles/cmTC_4a912.dir/build.make:97: recipe for target 'cmTC_4a912' failed
make[1]: *** [cmTC_4a912] Error 1
make[1]: Leaving directory '/home/isaacjetsonnano/source/detectnet/CMakeFiles/CMakeTmp'
Makefile:126: recipe for target 'cmTC_4a912/fast' failed
make: *** [cmTC_4a912/fast] Error 2

File /home/isaacjetsonnano/source/detectnet/CMakeFiles/CMakeTmp/CheckSymbolExists.c:
/* */
#include <pthread.h>

int main(int argc, char** argv)
{
  (void)argv;
#ifndef pthread_create
  return ((int*)(&pthread_create))[argc];
#else
  (void)argc;
  return 0;
#endif
}

Determining if the function pthread_create exists in the pthreads failed with the following output:
Change Dir: /home/isaacjetsonnano/source/detectnet/CMakeFiles/CMakeTmp

Run Build Command:"/usr/bin/make" "cmTC_55e3a/fast"
/usr/bin/make -f CMakeFiles/cmTC_55e3a.dir/build.make CMakeFiles/cmTC_55e3a.dir/build
make[1]: Entering directory '/home/isaacjetsonnano/source/detectnet/CMakeFiles/CMakeTmp'
Building C object CMakeFiles/cmTC_55e3a.dir/CheckFunctionExists.c.o
/usr/bin/cc   -fPIC -DCHECK_FUNCTION_EXISTS=pthread_create   -o CMakeFiles/cmTC_55e3a.dir/CheckFunctionExists.c.o   -c /usr/share/cmake-3.10/Modules/CheckFunctionExists.c
Linking C executable cmTC_55e3a
/usr/bin/cmake -E cmake_link_script CMakeFiles/cmTC_55e3a.dir/link.txt --verbose=1
/usr/bin/cc -fPIC -DCHECK_FUNCTION_EXISTS=pthread_create    -rdynamic CMakeFiles/cmTC_55e3a.dir/CheckFunctionExists.c.o  -o cmTC_55e3a -lpthreads 
/usr/bin/ld: cannot find -lpthreads
collect2: error: ld returned 1 exit status
CMakeFiles/cmTC_55e3a.dir/build.make:97: recipe for target 'cmTC_55e3a' failed
make[1]: *** [cmTC_55e3a] Error 1
make[1]: Leaving directory '/home/isaacjetsonnano/source/detectnet/CMakeFiles/CMakeTmp'
Makefile:126: recipe for target 'cmTC_55e3a/fast' failed
make: *** [cmTC_55e3a/fast] Error 2


Determining if the Q_WS_WIN exist failed with the following output:
Change Dir: /home/isaacjetsonnano/source/detectnet/CMakeFiles/CMakeTmp

Run Build Command:"/usr/bin/make" "cmTC_9560e/fast"
/usr/bin/make -f CMakeFiles/cmTC_9560e.dir/build.make CMakeFiles/cmTC_9560e.dir/build
make[1]: Entering directory '/home/isaacjetsonnano/source/detectnet/CMakeFiles/CMakeTmp'
Building CXX object CMakeFiles/cmTC_9560e.dir/CheckSymbolExists.cxx.o
/usr/bin/c++   -I/usr/include/qt4   -o CMakeFiles/cmTC_9560e.dir/CheckSymbolExists.cxx.o -c /home/isaacjetsonnano/source/detectnet/CMakeFiles/CMakeTmp/CheckSymbolExists.cxx
/home/isaacjetsonnano/source/detectnet/CMakeFiles/CMakeTmp/CheckSymbolExists.cxx: In function ‘int main(int, char**)’:
/home/isaacjetsonnano/source/detectnet/CMakeFiles/CMakeTmp/CheckSymbolExists.cxx:8:19: error: ‘Q_WS_WIN’ was not declared in this scope
   return ((int*)(&Q_WS_WIN))[argc];
                   ^~~~~~~~
/home/isaacjetsonnano/source/detectnet/CMakeFiles/CMakeTmp/CheckSymbolExists.cxx:8:19: note: suggested alternative: ‘Q_WS_X11’
   return ((int*)(&Q_WS_WIN))[argc];
                   ^~~~~~~~
                   Q_WS_X11
CMakeFiles/cmTC_9560e.dir/build.make:65: recipe for target 'CMakeFiles/cmTC_9560e.dir/CheckSymbolExists.cxx.o' failed
make[1]: *** [CMakeFiles/cmTC_9560e.dir/CheckSymbolExists.cxx.o] Error 1
make[1]: Leaving directory '/home/isaacjetsonnano/source/detectnet/CMakeFiles/CMakeTmp'
Makefile:126: recipe for target 'cmTC_9560e/fast' failed
make: *** [cmTC_9560e/fast] Error 2

File /home/isaacjetsonnano/source/detectnet/CMakeFiles/CMakeTmp/CheckSymbolExists.cxx:
/* */
#include <QtCore/qglobal.h>

int main(int argc, char** argv)
{
  (void)argv;
#ifndef Q_WS_WIN
  return ((int*)(&Q_WS_WIN))[argc];
#else
  (void)argc;
  return 0;
#endif
}

Determining if the Q_WS_QWS exist failed with the following output:
Change Dir: /home/isaacjetsonnano/source/detectnet/CMakeFiles/CMakeTmp

Run Build Command:"/usr/bin/make" "cmTC_16b0d/fast"
/usr/bin/make -f CMakeFiles/cmTC_16b0d.dir/build.make CMakeFiles/cmTC_16b0d.dir/build
make[1]: Entering directory '/home/isaacjetsonnano/source/detectnet/CMakeFiles/CMakeTmp'
Building CXX object CMakeFiles/cmTC_16b0d.dir/CheckSymbolExists.cxx.o
/usr/bin/c++   -I/usr/include/qt4   -o CMakeFiles/cmTC_16b0d.dir/CheckSymbolExists.cxx.o -c /home/isaacjetsonnano/source/detectnet/CMakeFiles/CMakeTmp/CheckSymbolExists.cxx
/home/isaacjetsonnano/source/detectnet/CMakeFiles/CMakeTmp/CheckSymbolExists.cxx: In function ‘int main(int, char**)’:
/home/isaacjetsonnano/source/detectnet/CMakeFiles/CMakeTmp/CheckSymbolExists.cxx:8:19: error: ‘Q_WS_QWS’ was not declared in this scope
   return ((int*)(&Q_WS_QWS))[argc];
                   ^~~~~~~~
/home/isaacjetsonnano/source/detectnet/CMakeFiles/CMakeTmp/CheckSymbolExists.cxx:8:19: note: suggested alternative: ‘Q_WS_X11’
   return ((int*)(&Q_WS_QWS))[argc];
                   ^~~~~~~~
                   Q_WS_X11
CMakeFiles/cmTC_16b0d.dir/build.make:65: recipe for target 'CMakeFiles/cmTC_16b0d.dir/CheckSymbolExists.cxx.o' failed
make[1]: *** [CMakeFiles/cmTC_16b0d.dir/CheckSymbolExists.cxx.o] Error 1
make[1]: Leaving directory '/home/isaacjetsonnano/source/detectnet/CMakeFiles/CMakeTmp'
Makefile:126: recipe for target 'cmTC_16b0d/fast' failed
make: *** [cmTC_16b0d/fast] Error 2

File /home/isaacjetsonnano/source/detectnet/CMakeFiles/CMakeTmp/CheckSymbolExists.cxx:
/* */
#include <QtCore/qglobal.h>

int main(int argc, char** argv)
{
  (void)argv;
#ifndef Q_WS_QWS
  return ((int*)(&Q_WS_QWS))[argc];
#else
  (void)argc;
  return 0;
#endif
}

Determining if the Q_WS_MAC exist failed with the following output:
Change Dir: /home/isaacjetsonnano/source/detectnet/CMakeFiles/CMakeTmp

Run Build Command:"/usr/bin/make" "cmTC_5ba78/fast"
/usr/bin/make -f CMakeFiles/cmTC_5ba78.dir/build.make CMakeFiles/cmTC_5ba78.dir/build
make[1]: Entering directory '/home/isaacjetsonnano/source/detectnet/CMakeFiles/CMakeTmp'
Building CXX object CMakeFiles/cmTC_5ba78.dir/CheckSymbolExists.cxx.o
/usr/bin/c++   -I/usr/include/qt4   -o CMakeFiles/cmTC_5ba78.dir/CheckSymbolExists.cxx.o -c /home/isaacjetsonnano/source/detectnet/CMakeFiles/CMakeTmp/CheckSymbolExists.cxx
/home/isaacjetsonnano/source/detectnet/CMakeFiles/CMakeTmp/CheckSymbolExists.cxx: In function ‘int main(int, char**)’:
/home/isaacjetsonnano/source/detectnet/CMakeFiles/CMakeTmp/CheckSymbolExists.cxx:8:19: error: ‘Q_WS_MAC’ was not declared in this scope
   return ((int*)(&Q_WS_MAC))[argc];
                   ^~~~~~~~
/home/isaacjetsonnano/source/detectnet/CMakeFiles/CMakeTmp/CheckSymbolExists.cxx:8:19: note: suggested alternative: ‘Q_WS_X11’
   return ((int*)(&Q_WS_MAC))[argc];
                   ^~~~~~~~
                   Q_WS_X11
CMakeFiles/cmTC_5ba78.dir/build.make:65: recipe for target 'CMakeFiles/cmTC_5ba78.dir/CheckSymbolExists.cxx.o' failed
make[1]: *** [CMakeFiles/cmTC_5ba78.dir/CheckSymbolExists.cxx.o] Error 1
make[1]: Leaving directory '/home/isaacjetsonnano/source/detectnet/CMakeFiles/CMakeTmp'
Makefile:126: recipe for target 'cmTC_5ba78/fast' failed
make: *** [cmTC_5ba78/fast] Error 2

File /home/isaacjetsonnano/source/detectnet/CMakeFiles/CMakeTmp/CheckSymbolExists.cxx:
/* */
#include <QtCore/qglobal.h>

int main(int argc, char** argv)
{
  (void)argv;
#ifndef Q_WS_MAC
  return ((int*)(&Q_WS_MAC))[argc];
#else
  (void)argc;
  return 0;
#endif
}

